0 info it worked if it ends with ok
1 verbose cli [ 'node', '/usr/local/bin/npm', 'shrinkwrap' ]
2 info using npm@1.1.33
3 info using node@v0.8.1
4 verbose config file /Users/parrycadwallader/.npmrc
5 verbose config file /usr/local/etc/npmrc
6 verbose config file /usr/local/lib/node_modules/npm/npmrc
7 verbose read json /Users/parrycadwallader/package.json
8 verbose read json /Users/parrycadwallader/node_modules/ejs/package.json
9 verbose read json /Users/parrycadwallader/node_modules/express/package.json
10 verbose read json /Users/parrycadwallader/node_modules/jade/package.json
11 verbose read json /Users/parrycadwallader/node_modules/nodemon/package.json
12 verbose read json /Users/parrycadwallader/node_modules/socket.io/package.json
13 verbose read json /Users/parrycadwallader/node_modules/stylus/package.json
14 verbose read json /Users/parrycadwallader/node_modules/xml2js/package.json
15 verbose read json /Users/parrycadwallader/node_modules/express/node_modules/commander/package.json
16 verbose read json /Users/parrycadwallader/node_modules/express/node_modules/connect/package.json
17 verbose read json /Users/parrycadwallader/node_modules/express/node_modules/cookie/package.json
18 verbose read json /Users/parrycadwallader/node_modules/express/node_modules/cookie-signature/package.json
19 verbose read json /Users/parrycadwallader/node_modules/express/node_modules/crc/package.json
20 verbose read json /Users/parrycadwallader/node_modules/express/node_modules/debug/package.json
21 verbose read json /Users/parrycadwallader/node_modules/express/node_modules/fresh/package.json
22 verbose read json /Users/parrycadwallader/node_modules/express/node_modules/methods/package.json
23 verbose read json /Users/parrycadwallader/node_modules/express/node_modules/mkdirp/package.json
24 verbose read json /Users/parrycadwallader/node_modules/express/node_modules/range-parser/package.json
25 verbose read json /Users/parrycadwallader/node_modules/express/node_modules/send/package.json
26 verbose read json /Users/parrycadwallader/node_modules/jade/node_modules/coffee-script/package.json
27 verbose read json /Users/parrycadwallader/node_modules/jade/node_modules/commander/package.json
28 verbose read json /Users/parrycadwallader/node_modules/jade/node_modules/mkdirp/package.json
29 verbose read json /Users/parrycadwallader/node_modules/socket.io/node_modules/policyfile/package.json
30 verbose read json /Users/parrycadwallader/node_modules/socket.io/node_modules/redis/package.json
31 verbose read json /Users/parrycadwallader/node_modules/socket.io/node_modules/socket.io-client/package.json
32 verbose read json /Users/parrycadwallader/node_modules/stylus/node_modules/cssom/package.json
33 verbose read json /Users/parrycadwallader/node_modules/stylus/node_modules/debug/package.json
34 verbose read json /Users/parrycadwallader/node_modules/stylus/node_modules/mkdirp/package.json
35 verbose read json /Users/parrycadwallader/node_modules/xml2js/node_modules/sax/package.json
36 verbose read json /Users/parrycadwallader/node_modules/express/node_modules/connect/node_modules/bytes/package.json
37 verbose read json /Users/parrycadwallader/node_modules/express/node_modules/connect/node_modules/formidable/package.json
38 verbose read json /Users/parrycadwallader/node_modules/express/node_modules/connect/node_modules/pause/package.json
39 verbose read json /Users/parrycadwallader/node_modules/express/node_modules/connect/node_modules/qs/package.json
40 verbose read json /Users/parrycadwallader/node_modules/express/node_modules/send/node_modules/mime/package.json
41 verbose read json /Users/parrycadwallader/node_modules/socket.io/node_modules/redis/node_modules/hiredis/package.json
42 verbose read json /Users/parrycadwallader/node_modules/socket.io/node_modules/socket.io-client/node_modules/active-x-obfuscator/package.json
43 verbose read json /Users/parrycadwallader/node_modules/socket.io/node_modules/socket.io-client/node_modules/uglify-js/package.json
44 verbose read json /Users/parrycadwallader/node_modules/socket.io/node_modules/socket.io-client/node_modules/ws/package.json
45 verbose read json /Users/parrycadwallader/node_modules/socket.io/node_modules/socket.io-client/node_modules/xmlhttprequest/package.json
46 verbose read json /Users/parrycadwallader/node_modules/socket.io/node_modules/socket.io-client/node_modules/active-x-obfuscator/node_modules/zeparser/package.json
47 verbose read json /Users/parrycadwallader/node_modules/socket.io/node_modules/socket.io-client/node_modules/ws/node_modules/commander/package.json
48 verbose read json /Users/parrycadwallader/node_modules/socket.io/node_modules/socket.io-client/node_modules/ws/node_modules/options/package.json
49 verbose read json /Users/parrycadwallader/node_modules/socket.io/node_modules/socket.io-client/node_modules/ws/node_modules/tinycolor/package.json
50 verbose readInstalled returning ejs@0.8.3
51 verbose readInstalled returning express@3.0.2
52 verbose readInstalled returning jade@0.27.7
53 verbose readInstalled returning nodemon@0.6.23
54 verbose readInstalled returning socket.io@0.9.11
55 verbose readInstalled returning stylus@0.30.1
56 verbose readInstalled returning xml2js@0.2.1
57 verbose readInstalled returning connect@2.6.2
58 verbose readInstalled returning commander@0.6.1
59 verbose readInstalled returning range-parser@0.0.4
60 verbose readInstalled returning mkdirp@0.3.3
61 verbose readInstalled returning cookie@0.0.4
62 verbose readInstalled returning crc@0.2.0
63 verbose readInstalled returning fresh@0.1.0
64 verbose readInstalled returning methods@0.0.1
65 verbose readInstalled returning send@0.1.0
66 verbose readInstalled returning cookie-signature@0.0.1
67 verbose readInstalled returning debug@0.7.0
68 verbose readInstalled returning qs@0.5.1
69 verbose readInstalled returning formidable@1.0.11
70 verbose readInstalled returning bytes@0.1.0
71 verbose readInstalled returning pause@0.0.1
72 verbose readInstalled returning mime@1.2.6
73 verbose readInstalled returning commander@0.6.1
74 verbose readInstalled returning mkdirp@0.3.4
75 verbose readInstalled returning coffee-script@1.4.0
76 verbose readInstalled returning socket.io-client@0.9.10
77 verbose readInstalled returning policyfile@0.0.4
78 verbose readInstalled returning redis@0.7.2
79 verbose readInstalled returning uglify-js@1.2.5
80 verbose readInstalled returning ws@0.4.22
81 verbose readInstalled returning xmlhttprequest@1.4.2
82 verbose readInstalled returning active-x-obfuscator@0.0.1
83 verbose readInstalled returning commander@0.6.1
84 verbose readInstalled returning tinycolor@0.0.1
85 verbose readInstalled returning options@0.0.3
86 verbose readInstalled returning zeparser@0.0.5
87 verbose readInstalled returning hiredis@0.1.14
88 verbose readInstalled returning cssom@0.2.5
89 verbose readInstalled returning mkdirp@0.3.4
90 verbose readInstalled returning debug@0.7.0
91 verbose readInstalled returning sax@0.4.2
92 error Error: Problems were encountered
92 error Please correct and try again.
92 error invalid: socket.io-client@0.9.10 /Users/parrycadwallader/node_modules/socket.io/node_modules/socket.io-client
92 error invalid: redis@0.7.2 /Users/parrycadwallader/node_modules/socket.io/node_modules/redis
92 error     at shrinkwrap_ (/usr/local/lib/node_modules/npm/lib/shrinkwrap.js:29:15)
92 error     at /usr/local/lib/node_modules/npm/lib/shrinkwrap.js:23:5
92 error     at /usr/local/lib/node_modules/npm/lib/ls.js:32:30
92 error     at /usr/local/lib/node_modules/npm/node_modules/read-installed/read-installed.js:117:5
92 error     at /usr/local/lib/node_modules/npm/node_modules/read-installed/read-installed.js:233:14
92 error     at cb (/usr/local/lib/node_modules/npm/node_modules/slide/lib/async-map.js:48:11)
92 error     at /usr/local/lib/node_modules/npm/node_modules/read-installed/read-installed.js:233:14
92 error     at cb (/usr/local/lib/node_modules/npm/node_modules/slide/lib/async-map.js:48:11)
92 error     at /usr/local/lib/node_modules/npm/node_modules/read-installed/read-installed.js:233:14
92 error     at cb (/usr/local/lib/node_modules/npm/node_modules/slide/lib/async-map.js:48:11)
92 error  [Error: Problems were encountered
92 error Please correct and try again.
92 error invalid: socket.io-client@0.9.10 /Users/parrycadwallader/node_modules/socket.io/node_modules/socket.io-client
92 error invalid: redis@0.7.2 /Users/parrycadwallader/node_modules/socket.io/node_modules/redis]
93 error You may report this log at:
93 error     <http://github.com/isaacs/npm/issues>
93 error or email it to:
93 error     <npm-@googlegroups.com>
94 error System Darwin 10.8.0
95 error command "node" "/usr/local/bin/npm" "shrinkwrap"
96 error cwd /Users/parrycadwallader/node
97 error node -v v0.8.1
98 error npm -v 1.1.33
99 error message Problems were encountered
99 error message Please correct and try again.
99 error message invalid: socket.io-client@0.9.10 /Users/parrycadwallader/node_modules/socket.io/node_modules/socket.io-client
99 error message invalid: redis@0.7.2 /Users/parrycadwallader/node_modules/socket.io/node_modules/redis
100 verbose exit [ 1, true ]
